<?xml version="1.0" encoding="UTF-8"?>
<!-- Generated by org.testng.reporters.JUnitReportReporter -->
<testsuite skipped="0" hostname="Rayhan-PC" name="com.testrunner.TestRunner" tests="1" failures="0" timestamp="13 Aug 2019 00:48:05 GMT" time="21.147" errors="0">
  <testcase name="feature" time="21.147" classname="com.testrunner.TestRunner"/>
</testsuite> <!-- com.testrunner.TestRunner -->
